# JRE version: Java(TM) SE Runtime Environment (15.0.2+7) (build 15.0.2+7-27)
# Java VM: Java HotSpot(TM) 64-Bit Server VM (15.0.2+7-27, mixed mode, sharing, tiered, compressed oops, g1 gc, windows-amd64)
GC Precious Log:
 CPUs: 8 total, 8 available
 Memory: 8123M
 Large Page Support: Disabled
 NUMA Support: Disabled
 Compressed Oops: Enabled (32-bit)
 Heap Region Size: 1M
 Heap Min Capacity: 256M
 Heap Initial Capacity: 256M
 Heap Max Capacity: 512M
 Pre-touch: Disabled
 Parallel Workers: 8
 Concurrent Workers: 2
 Concurrent Refinement Workers: 8
 Periodic GC: Disabled
Heap:
 garbage-first heap   total 262144K, used 63116K [0x00000000e0000000, 0x0000000100000000)
  region size 1024K, 31 young (31744K), 1 survivors (1024K)
 Metaspace       used 50113K, capacity 51019K, committed 51248K, reserved 299008K
  class space    used 6725K, capacity 6993K, committed 7040K, reserved 253952K
GC Heap History (16 events):
Event: 0.582 GC heap before
{Heap before GC invocations=0 (full 0):
 garbage-first heap   total 262144K, used 28672K [0x00000000e0000000, 0x0000000100000000)
  region size 1024K, 23 young (23552K), 0 survivors (0K)
 Metaspace       used 3905K, capacity 6543K, committed 6656K, reserved 262144K
  class space    used 487K, capacity 729K, committed 768K, reserved 253952K
}
Event: 0.586 GC heap after
{Heap after GC invocations=1 (full 0):
 garbage-first heap   total 262144K, used 8620K [0x00000000e0000000, 0x0000000100000000)
  region size 1024K, 3 young (3072K), 3 survivors (3072K)
 Metaspace       used 3905K, capacity 6543K, committed 6656K, reserved 262144K
  class space    used 487K, capacity 729K, committed 768K, reserved 253952K
}
Event: 0.770 GC heap before
{Heap before GC invocations=1 (full 0):
 garbage-first heap   total 262144K, used 34220K [0x00000000e0000000, 0x0000000100000000)
  region size 1024K, 29 young (29696K), 3 survivors (3072K)
 Metaspace       used 4090K, capacity 6607K, committed 6656K, reserved 262144K
  class space    used 491K, capacity 729K, committed 768K, reserved 253952K
}
Event: 0.774 GC heap after
{Heap after GC invocations=2 (full 0):
 garbage-first heap   total 262144K, used 13344K [0x00000000e0000000, 0x0000000100000000)
  region size 1024K, 4 young (4096K), 4 survivors (4096K)
 Metaspace       used 4090K, capacity 6607K, committed 6656K, reserved 262144K
  class space    used 491K, capacity 729K, committed 768K, reserved 253952K
}
Event: 2.412 GC heap before
{Heap before GC invocations=2 (full 0):
 garbage-first heap   total 262144K, used 102432K [0x00000000e0000000, 0x0000000100000000)
  region size 1024K, 92 young (94208K), 4 survivors (4096K)
 Metaspace       used 20688K, capacity 21187K, committed 21296K, reserved 272384K
  class space    used 2985K, capacity 3141K, committed 3200K, reserved 253952K
}
Event: 2.422 GC heap after
{Heap after GC invocations=3 (full 0):
 garbage-first heap   total 262144K, used 19526K [0x00000000e0000000, 0x0000000100000000)
  region size 1024K, 10 young (10240K), 10 survivors (10240K)
 Metaspace       used 20688K, capacity 21187K, committed 21296K, reserved 272384K
  class space    used 2985K, capacity 3141K, committed 3200K, reserved 253952K
}
Event: 3.717 GC heap before
{Heap before GC invocations=4 (full 0):
 garbage-first heap   total 262144K, used 99398K [0x00000000e0000000, 0x0000000100000000)
  region size 1024K, 86 young (88064K), 10 survivors (10240K)
 Metaspace       used 35123K, capacity 35780K, committed 35888K, reserved 286720K
  class space    used 4708K, capacity 4916K, committed 4992K, reserved 253952K
}
Event: 3.730 GC heap after
{Heap after GC invocations=5 (full 0):
 garbage-first heap   total 262144K, used 26708K [0x00000000e0000000, 0x0000000100000000)
  region size 1024K, 13 young (13312K), 13 survivors (13312K)
 Metaspace       used 35123K, capacity 35780K, committed 35888K, reserved 286720K
  class space    used 4708K, capacity 4916K, committed 4992K, reserved 253952K
}
Event: 2070.194 GC heap before
{Heap before GC invocations=6 (full 0):
 garbage-first heap   total 262144K, used 162900K [0x00000000e0000000, 0x0000000100000000)
  region size 1024K, 146 young (149504K), 13 survivors (13312K)
 Metaspace       used 50043K, capacity 50955K, committed 51248K, reserved 299008K
  class space    used 6723K, capacity 6993K, committed 7040K, reserved 253952K
}
Event: 2070.212 GC heap after
{Heap after GC invocations=7 (full 0):
 garbage-first heap   total 262144K, used 34911K [0x00000000e0000000, 0x0000000100000000)
  region size 1024K, 16 young (16384K), 16 survivors (16384K)
 Metaspace       used 50043K, capacity 50955K, committed 51248K, reserved 299008K
  class space    used 6723K, capacity 6993K, committed 7040K, reserved 253952K
}
Event: 8178.848 GC heap before
{Heap before GC invocations=7 (full 0):
 garbage-first heap   total 262144K, used 175199K [0x00000000e0000000, 0x0000000100000000)
  region size 1024K, 153 young (156672K), 16 survivors (16384K)
 Metaspace       used 50113K, capacity 51019K, committed 51248K, reserved 299008K
  class space    used 6725K, capacity 6993K, committed 7040K, reserved 253952K
}
Event: 8180.913 GC heap after
{Heap after GC invocations=8 (full 0):
 garbage-first heap   total 262144K, used 33957K [0x00000000e0000000, 0x0000000100000000)
  region size 1024K, 8 young (8192K), 8 survivors (8192K)
 Metaspace       used 50113K, capacity 51019K, committed 51248K, reserved 299008K
  class space    used 6725K, capacity 6993K, committed 7040K, reserved 253952K
}
Event: 8323.776 GC heap before
{Heap before GC invocations=8 (full 0):
 garbage-first heap   total 262144K, used 38053K [0x00000000e0000000, 0x0000000100000000)
  region size 1024K, 12 young (12288K), 8 survivors (8192K)
 Metaspace       used 50113K, capacity 51019K, committed 51248K, reserved 299008K
  class space    used 6725K, capacity 6993K, committed 7040K, reserved 253952K
}
Event: 8323.972 GC heap after
{Heap after GC invocations=9 (full 0):
 garbage-first heap   total 262144K, used 34444K [0x00000000e0000000, 0x0000000100000000)
  region size 1024K, 2 young (2048K), 2 survivors (2048K)
 Metaspace       used 50113K, capacity 51019K, committed 51248K, reserved 299008K
  class space    used 6725K, capacity 6993K, committed 7040K, reserved 253952K
}
Event: 9078.263 GC heap before
{Heap before GC invocations=9 (full 0):
 garbage-first heap   total 262144K, used 54924K [0x00000000e0000000, 0x0000000100000000)
  region size 1024K, 22 young (22528K), 2 survivors (2048K)
 Metaspace       used 50113K, capacity 51019K, committed 51248K, reserved 299008K
  class space    used 6725K, capacity 6993K, committed 7040K, reserved 253952K
}
Event: 9078.366 GC heap after
{Heap after GC invocations=10 (full 0):
 garbage-first heap   total 262144K, used 33420K [0x00000000e0000000, 0x0000000100000000)
  region size 1024K, 1 young (1024K), 1 survivors (1024K)
 Metaspace       used 50113K, capacity 51019K, committed 51248K, reserved 299008K
  class space    used 6725K, capacity 6993K, committed 7040K, reserved 253952K
}

